  Snakefull.cpp
C:\Users\Admin\source\repos\Snakefull\Snakefull\Snakefull.cpp(37,38): warning C4244: '=': conversion from 'time_t' to 'int', possible loss of data
C:\Users\Admin\source\repos\Snakefull\Snakefull\Snakefull.cpp(49,30): warning C4244: '=': conversion from 'time_t' to 'int', possible loss of data
C:\Users\Admin\source\repos\Snakefull\Snakefull\Snakefull.cpp(97,34): warning C4244: '=': conversion from 'time_t' to 'int', possible loss of data
C:\Users\Admin\source\repos\Snakefull\Snakefull\Snakefull.cpp(121,15): warning C4244: 'argument': conversion from 'time_t' to 'unsigned int', possible loss of data
C:\Users\Admin\source\repos\Snakefull\Snakefull\Snakefull.cpp(125,23): warning C4018: '<': signed/unsigned mismatch
C:\Users\Admin\source\repos\Snakefull\Snakefull\Snakefull.cpp(155,27): warning C4018: '<': signed/unsigned mismatch
C:\Users\Admin\source\repos\Snakefull\Snakefull\Snakefull.cpp(156,31): warning C4018: '<': signed/unsigned mismatch
C:\Users\Admin\source\repos\Snakefull\Snakefull\Snakefull.cpp(161,27): warning C4018: '<': signed/unsigned mismatch
C:\Users\Admin\source\repos\Snakefull\Snakefull\Snakefull.cpp(162,31): warning C4018: '<': signed/unsigned mismatch
C:\Users\Admin\source\repos\Snakefull\Snakefull\Snakefull.cpp(197,27): warning C4018: '<': signed/unsigned mismatch
C:\Users\Admin\source\repos\Snakefull\Snakefull\Snakefull.cpp(198,31): warning C4018: '<': signed/unsigned mismatch
C:\Users\Admin\source\repos\Snakefull\Snakefull\Snakefull.cpp(203,27): warning C4018: '<': signed/unsigned mismatch
C:\Users\Admin\source\repos\Snakefull\Snakefull\Snakefull.cpp(204,31): warning C4018: '<': signed/unsigned mismatch
C:\Users\Admin\source\repos\Snakefull\Snakefull\Snakefull.cpp(218,89): warning C4474: 'swprintf_s' : too many arguments passed for format string
C:\Users\Admin\source\repos\Snakefull\Snakefull\Snakefull.cpp(218,89): message : placeholders and their parameters expect 0 variadic arguments, but 1 were provided
C:\Users\Admin\source\repos\Snakefull\Snakefull\Snakefull.cpp(224,13): warning C4551: function call missing argument list
C:\Users\Admin\source\repos\Snakefull\Snakefull\Snakefull.cpp(109,26): warning C4101: 'fruity': unreferenced local variable
C:\Users\Admin\source\repos\Snakefull\Snakefull\Snakefull.cpp(109,18): warning C4101: 'fruitx': unreferenced local variable
  Snakefull.vcxproj -> C:\Users\Admin\source\repos\Snakefull\Debug\Snakefull.exe
